
---> 16:05:39  ¿–“¿ Œ“ –€“¿. 22/03/2017  
     16:05:39 —Œ«ƒ¿Õ»≈  ¿–“€ : C:\Users\snosov\Desktop\ru-mow.sxf\RU-MOW.sit
     16:05:39 —Œ«ƒ¿Õ»≈ À»—“¿ : 1, RU-MOW
>>>> 16:05:39 »ÃœŒ–“ »« SXF - C:\Users\snosov\Desktop\ru-mow.sxf\RU-MOW.sxf, ‚ÂÒËˇ = 4
>>>> 16:06:45 ¬—≈√Œ Œ¡⁄≈ “Œ¬ ¬ ‘¿…À≈ SXF - 695617
>>>> 16:06:45 «¿√–”∆≈ÕŒ Œ¡⁄≈ “Œ¬      - 695617
>>>> 16:06:45 «¿¬≈–ÿ≈Õ»≈ »ÃœŒ–“¿ SXF - C:\Users\snosov\Desktop\ru-mow.sxf\RU-MOW.sxf
     16:06:45  ¿–“¿ «¿ –€“¿.22/03/2017  
---> 16:06:45  ¿–“¿ Œ“ –€“¿. 22/03/2017  
     16:06:45 «‡ÔÛÒÍ ÔËÎÓÊÂÌËˇ - ¡‡Á‡ ‰‡ÌÌ˚ı
     16:07:19  ¿–“¿ «¿ –€“¿.22/03/2017  
---> 16:11:06  ¿–“¿ Œ“ –€“¿. 22/03/2017  
     16:13:06  ¿–“¿ «¿ –€“¿.22/03/2017  
---> 16:13:36  ¿–“¿ Œ“ –€“¿. 22/03/2017  
     16:13:46  ¿–“¿ «¿ –€“¿.22/03/2017  
---> 16:21:50  ¿–“¿ Œ“ –€“¿. 22/03/2017  
     16:24:57  ¿–“¿ «¿ –€“¿.22/03/2017  
---> 16:28:29  ¿–“¿ Œ“ –€“¿. 22/03/2017  
     16:40:21  ¿–“¿ «¿ –€“¿.22/03/2017  
---> 16:45:52  ¿–“¿ Œ“ –€“¿. 22/03/2017  
     16:46:34  ¿–“¿ «¿ –€“¿.22/03/2017  
---> 16:47:12  ¿–“¿ Œ“ –€“¿. 22/03/2017  
     16:48:17  ¿–“¿ «¿ –€“¿.22/03/2017  
---> 16:49:08  ¿–“¿ Œ“ –€“¿. 22/03/2017  
     17:04:01  ¿–“¿ «¿ –€“¿.22/03/2017  